2025-01-12 23:00:25 -     INFO -           logging.py:  58 - Logging system initialized
2025-01-12 23:00:25 -    DEBUG -           logging.py:  54 - Log directory: c:\Users\Admin\OneDrive\Documents\GitHub\RogueAsteroid\logs
2025-01-12 23:00:25 -    DEBUG -           logging.py:  54 - Runtime logs directory: c:\Users\Admin\OneDrive\Documents\GitHub\RogueAsteroid\logs\runtime
2025-01-12 23:00:25 -     INFO -           logging.py:  58 - Initializing game
2025-01-12 23:00:25 -    DEBUG -           logging.py:  54 - Game settings initialized: {'window': {'width': 800, 'height': 600}, 'controls': 'arrows', 'sound': False}
2025-01-12 23:00:25 -     INFO -           logging.py:  58 - Audio manager initialized (sound disabled by default)
2025-01-12 23:00:25 -    DEBUG -           logging.py:  54 - Ensured data directory exists
2025-01-12 23:00:25 -     INFO -           logging.py:  58 - Loaded 2 high scores from data\highscores.json
2025-01-12 23:00:25 -     INFO -           logging.py:  58 - High score manager initialized with 2 scores
2025-01-12 23:00:25 -    DEBUG -           logging.py:  54 - Game services initialized
2025-01-12 23:00:25 -    DEBUG -           logging.py:  54 - Systems initialized
2025-01-12 23:00:25 -    DEBUG -           logging.py:  54 - Managers initialized
2025-01-12 23:00:25 -    DEBUG -           logging.py:  54 - Game properties initialized with 3 lives
2025-01-12 23:00:25 -     INFO -           logging.py:  58 - Initializing state manager
2025-01-12 23:00:25 -    DEBUG -           logging.py:  54 - State manager initialized
2025-01-12 23:00:25 -     INFO -           logging.py:  58 - Changing state from None to GameState.MAIN_MENU
2025-01-12 23:00:25 -     INFO -           logging.py:  58 - Game initialization complete
2025-01-12 23:00:25 -     INFO -           logging.py:  58 - Starting game loop
2025-01-12 23:00:30 -    DEBUG -           logging.py:  54 - Main menu input: 13
2025-01-12 23:00:30 -    DEBUG -           logging.py:  54 - Selected menu option: 0
2025-01-12 23:00:30 -     INFO -           logging.py:  58 - Starting new game
2025-01-12 23:00:30 -     INFO -           logging.py:  58 - Resetting game state
2025-01-12 23:00:30 -    DEBUG -           logging.py:  54 - Cleared 0 entities
2025-01-12 23:00:30 -    DEBUG -           logging.py:  54 - Score reset from 0 to 0
2025-01-12 23:00:30 -    DEBUG -           logging.py:  54 - Controls updated to scheme: arrows
2025-01-12 23:00:30 -    DEBUG -           logging.py:  54 - Added entity: Ship
2025-01-12 23:00:30 -     INFO -           logging.py:  58 - Changing state from GameState.MAIN_MENU to GameState.PLAYING
2025-01-12 23:00:30 -    DEBUG -           logging.py:  54 - Asteroid components initialized: transform=<src.core.entities.components.transform.TransformComponent object at 0x000001F6AE2225A0>, render=<src.core.entities.components.render.RenderComponent object at 0x000001F6AE222660>, collision=<src.core.entities.components.collision.CollisionComponent object at 0x000001F6AE2226F0>, screen_wrap=<src.core.entities.components.screen_wrap.ScreenWrapComponent object at 0x000001F6AE222720>
2025-01-12 23:00:30 -    DEBUG -           logging.py:  54 - Asteroid created: size=large, pos=[124.766, 600], vel=[57.8017, 80.3581]
2025-01-12 23:00:30 -    DEBUG -           logging.py:  54 - Added entity: Asteroid
2025-01-12 23:00:31 -    DEBUG -           logging.py:  54 - Asteroid components initialized: transform=<src.core.entities.components.transform.TransformComponent object at 0x000001F6AE222FF0>, render=<src.core.entities.components.render.RenderComponent object at 0x000001F6AE2231A0>, collision=<src.core.entities.components.collision.CollisionComponent object at 0x000001F6AE2231D0>, screen_wrap=<src.core.entities.components.screen_wrap.ScreenWrapComponent object at 0x000001F6AE223200>
2025-01-12 23:00:31 -    DEBUG -           logging.py:  54 - Asteroid created: size=large, pos=[800, 422.318], vel=[-24.199, 45.2142]
2025-01-12 23:00:31 -    DEBUG -           logging.py:  54 - Added entity: Asteroid
2025-01-12 23:00:31 -    DEBUG -           logging.py:  54 - Added entity: Particle
2025-01-12 23:00:31 -    DEBUG -           logging.py:  54 - Added entity: Particle
2025-01-12 23:00:31 -    DEBUG -           logging.py:  54 - Added entity: Particle
2025-01-12 23:00:31 -    DEBUG -           logging.py:  54 - Rotating left: change=4.59, new rotation=350.82
2025-01-12 23:00:31 -    DEBUG -           logging.py:  54 - Added entity: Particle
2025-01-12 23:00:31 -    DEBUG -           logging.py:  54 - Added entity: Particle
2025-01-12 23:00:31 -    DEBUG -           logging.py:  54 - Rotating left: change=4.59, new rotation=343.94
2025-01-12 23:00:31 -    DEBUG -           logging.py:  54 - Added entity: Particle
2025-01-12 23:00:31 -    DEBUG -           logging.py:  54 - Added entity: Particle
2025-01-12 23:00:31 -    DEBUG -           logging.py:  54 - Rotating left: change=4.59, new rotation=337.05
2025-01-12 23:00:31 -    DEBUG -           logging.py:  54 - Added entity: Particle
2025-01-12 23:00:31 -    DEBUG -           logging.py:  54 - Added entity: Particle
2025-01-12 23:00:31 -    DEBUG -           logging.py:  54 - Rotating left: change=4.59, new rotation=330.17
2025-01-12 23:00:31 -    DEBUG -           logging.py:  54 - Added entity: Particle
2025-01-12 23:00:31 -    DEBUG -           logging.py:  54 - Added entity: Particle
2025-01-12 23:00:31 -    DEBUG -           logging.py:  54 - Rotating left: change=4.59, new rotation=323.28
2025-01-12 23:00:31 -    DEBUG -           logging.py:  54 - Added entity: Particle
2025-01-12 23:00:31 -    DEBUG -           logging.py:  54 - Added entity: Particle
2025-01-12 23:00:31 -    DEBUG -           logging.py:  54 - Rotating left: change=4.59, new rotation=316.40
2025-01-12 23:00:31 -    DEBUG -           logging.py:  54 - Removed entity: Particle
2025-01-12 23:00:31 -    DEBUG -           logging.py:  54 - Removed entity: Particle
2025-01-12 23:00:31 -    DEBUG -           logging.py:  54 - Removed entity: Particle
2025-01-12 23:00:31 -    DEBUG -           logging.py:  54 - Added entity: Particle
2025-01-12 23:00:31 -    DEBUG -           logging.py:  54 - Added entity: Particle
2025-01-12 23:00:31 -    DEBUG -           logging.py:  54 - Rotating left: change=4.59, new rotation=309.51
2025-01-12 23:00:31 -    DEBUG -           logging.py:  54 - Added entity: Particle
2025-01-12 23:00:31 -    DEBUG -           logging.py:  54 - Added entity: Particle
2025-01-12 23:00:31 -    DEBUG -           logging.py:  54 - Rotating left: change=4.59, new rotation=302.63
2025-01-12 23:00:31 -    DEBUG -           logging.py:  54 - Removed entity: Particle
2025-01-12 23:00:31 -    DEBUG -           logging.py:  54 - Removed entity: Particle
2025-01-12 23:00:31 -    DEBUG -           logging.py:  54 - Removed entity: Particle
2025-01-12 23:00:31 -    DEBUG -           logging.py:  54 - Removed entity: Particle
2025-01-12 23:00:31 -    DEBUG -           logging.py:  54 - Removed entity: Particle
2025-01-12 23:00:31 -    DEBUG -           logging.py:  54 - Removed entity: Particle
2025-01-12 23:00:31 -    DEBUG -           logging.py:  54 - Added entity: Particle
2025-01-12 23:00:31 -    DEBUG -           logging.py:  54 - Added entity: Particle
2025-01-12 23:00:31 -    DEBUG -           logging.py:  54 - Rotating left: change=4.59, new rotation=295.74
2025-01-12 23:00:31 -    DEBUG -           logging.py:  54 - Added entity: Particle
2025-01-12 23:00:31 -    DEBUG -           logging.py:  54 - Added entity: Particle
2025-01-12 23:00:31 -    DEBUG -           logging.py:  54 - Rotating left: change=4.59, new rotation=288.86
2025-01-12 23:00:31 -    DEBUG -           logging.py:  54 - Removed entity: Particle
2025-01-12 23:00:31 -    DEBUG -           logging.py:  54 - Removed entity: Particle
2025-01-12 23:00:31 -    DEBUG -           logging.py:  54 - Removed entity: Particle
2025-01-12 23:00:31 -    DEBUG -           logging.py:  54 - Removed entity: Particle
2025-01-12 23:00:31 -    DEBUG -           logging.py:  54 - Removed entity: Particle
2025-01-12 23:00:31 -    DEBUG -           logging.py:  54 - Removed entity: Particle
2025-01-12 23:00:31 -    DEBUG -           logging.py:  54 - Removed entity: Particle
2025-01-12 23:00:31 -    DEBUG -           logging.py:  54 - Removed entity: Particle
2025-01-12 23:00:31 -    DEBUG -           logging.py:  54 - Removed entity: Particle
2025-01-12 23:00:31 -    DEBUG -           logging.py:  54 - Removed entity: Particle
2025-01-12 23:00:31 -    DEBUG -           logging.py:  54 - Removed entity: Particle
2025-01-12 23:00:31 -    DEBUG -           logging.py:  54 - Removed entity: Particle
2025-01-12 23:00:31 -    DEBUG -           logging.py:  54 - Added entity: Bullet
2025-01-12 23:00:31 -    DEBUG -           logging.py:  54 - Added entity: Bullet
2025-01-12 23:00:31 -    DEBUG -           logging.py:  54 - Added entity: Bullet
2025-01-12 23:00:31 -    DEBUG -           logging.py:  54 - Added entity: Bullet
2025-01-12 23:00:31 -    DEBUG -           logging.py:  54 - Asteroid components initialized: transform=<src.core.entities.components.transform.TransformComponent object at 0x000001F6AE237530>, render=<src.core.entities.components.render.RenderComponent object at 0x000001F6AE2376B0>, collision=<src.core.entities.components.collision.CollisionComponent object at 0x000001F6AE2376E0>, screen_wrap=<src.core.entities.components.screen_wrap.ScreenWrapComponent object at 0x000001F6AE237710>
2025-01-12 23:00:31 -    DEBUG -           logging.py:  54 - Asteroid created: size=large, pos=[692.995, 600], vel=[-10.3023, 91.9304]
2025-01-12 23:00:31 -    DEBUG -           logging.py:  54 - Added entity: Asteroid
2025-01-12 23:00:31 -    DEBUG -           logging.py:  54 - Added entity: Particle
2025-01-12 23:00:31 -    DEBUG -           logging.py:  54 - Added entity: Particle
2025-01-12 23:00:31 -    DEBUG -           logging.py:  54 - Added entity: Particle
2025-01-12 23:00:31 -    DEBUG -           logging.py:  54 - Added entity: Particle
2025-01-12 23:00:31 -    DEBUG -           logging.py:  54 - Added entity: Particle
2025-01-12 23:00:31 -    DEBUG -           logging.py:  54 - Added entity: Particle
2025-01-12 23:00:31 -    DEBUG -           logging.py:  54 - Added entity: Particle
2025-01-12 23:00:31 -    DEBUG -           logging.py:  54 - Added entity: Particle
2025-01-12 23:00:31 -    DEBUG -           logging.py:  54 - Added entity: Particle
2025-01-12 23:00:31 -    DEBUG -           logging.py:  54 - Added entity: Particle
2025-01-12 23:00:31 -    DEBUG -           logging.py:  54 - Added entity: Particle
2025-01-12 23:00:31 -    DEBUG -           logging.py:  54 - Added entity: Particle
2025-01-12 23:00:31 -    DEBUG -           logging.py:  54 - Added entity: Particle
2025-01-12 23:00:31 -    DEBUG -           logging.py:  54 - Added entity: Particle
2025-01-12 23:00:31 -    DEBUG -           logging.py:  54 - Added entity: Particle
2025-01-12 23:00:31 -    DEBUG -           logging.py:  54 - Added entity: Particle
2025-01-12 23:00:31 -    DEBUG -           logging.py:  54 - Added entity: Particle
2025-01-12 23:00:31 -    DEBUG -           logging.py:  54 - Added entity: Particle
2025-01-12 23:00:31 -    DEBUG -           logging.py:  54 - Added entity: Particle
2025-01-12 23:00:31 -    DEBUG -           logging.py:  54 - Added entity: Particle
2025-01-12 23:00:31 -    DEBUG -           logging.py:  54 - Score updated: 3 (+3)
2025-01-12 23:00:31 -    DEBUG -           logging.py:  54 - Hit asteroid size large, awarded 3 points
2025-01-12 23:00:31 -    DEBUG -           logging.py:  54 - Asteroid components initialized: transform=<src.core.entities.components.transform.TransformComponent object at 0x000001F6AE25ACC0>, render=<src.core.entities.components.render.RenderComponent object at 0x000001F6AE25AE10>, collision=<src.core.entities.components.collision.CollisionComponent object at 0x000001F6AE235B50>, screen_wrap=<src.core.entities.components.screen_wrap.ScreenWrapComponent object at 0x000001F6AE236480>
2025-01-12 23:00:31 -    DEBUG -           logging.py:  54 - Asteroid created: size=medium, pos=[650.822, 15.5861], vel=[-91.1501, -93.072]
2025-01-12 23:00:31 -    DEBUG -           logging.py:  54 - Asteroid components initialized: transform=<src.core.entities.components.transform.TransformComponent object at 0x000001F6AE2362D0>, render=<src.core.entities.components.render.RenderComponent object at 0x000001F6AE2361E0>, collision=<src.core.entities.components.collision.CollisionComponent object at 0x000001F6AE236120>, screen_wrap=<src.core.entities.components.screen_wrap.ScreenWrapComponent object at 0x000001F6AE2361B0>
2025-01-12 23:00:31 -    DEBUG -           logging.py:  54 - Asteroid created: size=medium, pos=[730.325, 24.4956], vel=[127.413, 60.8211]
2025-01-12 23:00:31 -    DEBUG -           logging.py:  54 - Added entity: Asteroid
2025-01-12 23:00:31 -    DEBUG -           logging.py:  54 - Created new asteroid piece size medium
2025-01-12 23:00:31 -    DEBUG -           logging.py:  54 - Added entity: Asteroid
2025-01-12 23:00:31 -    DEBUG -           logging.py:  54 - Created new asteroid piece size medium
2025-01-12 23:00:31 -    DEBUG -           logging.py:  54 - Removed entity: Asteroid
2025-01-12 23:00:31 -    DEBUG -           logging.py:  54 - Removed entity: Bullet
2025-01-12 23:00:31 -    DEBUG -           logging.py:  54 - Added entity: Particle
2025-01-12 23:00:31 -    DEBUG -           logging.py:  54 - Added entity: Particle
2025-01-12 23:00:31 -    DEBUG -           logging.py:  54 - Added entity: Particle
2025-01-12 23:00:31 -    DEBUG -           logging.py:  54 - Added entity: Particle
2025-01-12 23:00:31 -    DEBUG -           logging.py:  54 - Added entity: Particle
2025-01-12 23:00:31 -    DEBUG -           logging.py:  54 - Added entity: Particle
2025-01-12 23:00:31 -    DEBUG -           logging.py:  54 - Added entity: Particle
2025-01-12 23:00:31 -    DEBUG -           logging.py:  54 - Added entity: Particle
2025-01-12 23:00:31 -    DEBUG -           logging.py:  54 - Added entity: Particle
2025-01-12 23:00:31 -    DEBUG -           logging.py:  54 - Added entity: Particle
2025-01-12 23:00:31 -    DEBUG -           logging.py:  54 - Added entity: Particle
2025-01-12 23:00:31 -    DEBUG -           logging.py:  54 - Added entity: Particle
2025-01-12 23:00:31 -    DEBUG -           logging.py:  54 - Added entity: Particle
2025-01-12 23:00:31 -    DEBUG -           logging.py:  54 - Added entity: Particle
2025-01-12 23:00:31 -    DEBUG -           logging.py:  54 - Added entity: Particle
2025-01-12 23:00:31 -    DEBUG -           logging.py:  54 - Score updated: 5 (+2)
2025-01-12 23:00:31 -    DEBUG -           logging.py:  54 - Hit asteroid size medium, awarded 2 points
2025-01-12 23:00:31 -    DEBUG -           logging.py:  54 - Asteroid components initialized: transform=<src.core.entities.components.transform.TransformComponent object at 0x000001F6AE223800>, render=<src.core.entities.components.render.RenderComponent object at 0x000001F6AE2236E0>, collision=<src.core.entities.components.collision.CollisionComponent object at 0x000001F6AE223650>, screen_wrap=<src.core.entities.components.screen_wrap.ScreenWrapComponent object at 0x000001F6AE220F20>
2025-01-12 23:00:31 -    DEBUG -           logging.py:  54 - Asteroid created: size=small, pos=[721.709, 42.5446], vel=[-154.832, 82.9464]
2025-01-12 23:00:31 -    DEBUG -           logging.py:  54 - Asteroid components initialized: transform=<src.core.entities.components.transform.TransformComponent object at 0x000001F6AE2235C0>, render=<src.core.entities.components.render.RenderComponent object at 0x000001F6AE25AA50>, collision=<src.core.entities.components.collision.CollisionComponent object at 0x000001F6AE25ABD0>, screen_wrap=<src.core.entities.components.screen_wrap.ScreenWrapComponent object at 0x000001F6AE25AC00>
2025-01-12 23:00:31 -    DEBUG -           logging.py:  54 - Asteroid created: size=small, pos=[738.941, 6.44654], vel=[147.83, -145.819]
2025-01-12 23:00:31 -    DEBUG -           logging.py:  54 - Added entity: Asteroid
2025-01-12 23:00:31 -    DEBUG -           logging.py:  54 - Created new asteroid piece size small
2025-01-12 23:00:31 -    DEBUG -           logging.py:  54 - Added entity: Asteroid
2025-01-12 23:00:31 -    DEBUG -           logging.py:  54 - Created new asteroid piece size small
2025-01-12 23:00:31 -    DEBUG -           logging.py:  54 - Removed entity: Asteroid
2025-01-12 23:00:31 -    DEBUG -           logging.py:  54 - Removed entity: Bullet
2025-01-12 23:00:31 -    DEBUG -           logging.py:  54 - Added entity: Particle
2025-01-12 23:00:31 -    DEBUG -           logging.py:  54 - Added entity: Particle
2025-01-12 23:00:31 -    DEBUG -           logging.py:  54 - Added entity: Particle
2025-01-12 23:00:31 -    DEBUG -           logging.py:  54 - Added entity: Particle
2025-01-12 23:00:31 -    DEBUG -           logging.py:  54 - Added entity: Particle
2025-01-12 23:00:31 -    DEBUG -           logging.py:  54 - Added entity: Particle
2025-01-12 23:00:31 -    DEBUG -           logging.py:  54 - Added entity: Particle
2025-01-12 23:00:31 -    DEBUG -           logging.py:  54 - Added entity: Particle
2025-01-12 23:00:31 -    DEBUG -           logging.py:  54 - Added entity: Particle
2025-01-12 23:00:31 -    DEBUG -           logging.py:  54 - Added entity: Particle
2025-01-12 23:00:31 -    DEBUG -           logging.py:  54 - Score updated: 6 (+1)
2025-01-12 23:00:31 -    DEBUG -           logging.py:  54 - Hit asteroid size small, awarded 1 points
2025-01-12 23:00:31 -    DEBUG -           logging.py:  54 - Removed entity: Asteroid
2025-01-12 23:00:31 -    DEBUG -           logging.py:  54 - Removed entity: Bullet
2025-01-12 23:00:31 -    DEBUG -           logging.py:  54 - Added entity: Bullet
2025-01-12 23:00:31 -    DEBUG -           logging.py:  54 - Added entity: Bullet
2025-01-12 23:00:31 -    DEBUG -           logging.py:  54 - Added entity: Bullet
2025-01-12 23:00:31 -    DEBUG -           logging.py:  54 - Added entity: Particle
2025-01-12 23:00:31 -    DEBUG -           logging.py:  54 - Added entity: Particle
2025-01-12 23:00:31 -    DEBUG -           logging.py:  54 - Added entity: Particle
2025-01-12 23:00:31 -    DEBUG -           logging.py:  54 - Added entity: Particle
2025-01-12 23:00:31 -    DEBUG -           logging.py:  54 - Added entity: Particle
2025-01-12 23:00:31 -    DEBUG -           logging.py:  54 - Added entity: Particle
2025-01-12 23:00:31 -    DEBUG -           logging.py:  54 - Added entity: Particle
2025-01-12 23:00:31 -    DEBUG -           logging.py:  54 - Added entity: Particle
2025-01-12 23:00:31 -    DEBUG -           logging.py:  54 - Added entity: Particle
2025-01-12 23:00:31 -    DEBUG -           logging.py:  54 - Added entity: Particle
2025-01-12 23:00:31 -    DEBUG -           logging.py:  54 - Added entity: Particle
2025-01-12 23:00:31 -    DEBUG -           logging.py:  54 - Added entity: Particle
2025-01-12 23:00:31 -    DEBUG -           logging.py:  54 - Added entity: Particle
2025-01-12 23:00:31 -    DEBUG -           logging.py:  54 - Added entity: Particle
2025-01-12 23:00:31 -    DEBUG -           logging.py:  54 - Added entity: Particle
2025-01-12 23:00:31 -    DEBUG -           logging.py:  54 - Score updated: 8 (+2)
2025-01-12 23:00:31 -    DEBUG -           logging.py:  54 - Hit asteroid size medium, awarded 2 points
2025-01-12 23:00:31 -    DEBUG -           logging.py:  54 - Asteroid components initialized: transform=<src.core.entities.components.transform.TransformComponent object at 0x000001F6AE263860>, render=<src.core.entities.components.render.RenderComponent object at 0x000001F6AE2639B0>, collision=<src.core.entities.components.collision.CollisionComponent object at 0x000001F6AE2639E0>, screen_wrap=<src.core.entities.components.screen_wrap.ScreenWrapComponent object at 0x000001F6AE263A10>
2025-01-12 23:00:31 -    DEBUG -           logging.py:  54 - Asteroid created: size=small, pos=[658.913, -4.73664], vel=[79.4589, -168.988]
2025-01-12 23:00:31 -    DEBUG -           logging.py:  54 - Asteroid components initialized: transform=<src.core.entities.components.transform.TransformComponent object at 0x000001F6AE263AA0>, render=<src.core.entities.components.render.RenderComponent object at 0x000001F6AE263C50>, collision=<src.core.entities.components.collision.CollisionComponent object at 0x000001F6AE263C80>, screen_wrap=<src.core.entities.components.screen_wrap.ScreenWrapComponent object at 0x000001F6AE263CB0>
2025-01-12 23:00:31 -    DEBUG -           logging.py:  54 - Asteroid created: size=small, pos=[630.335, 23.251], vel=[-138.255, -106.222]
2025-01-12 23:00:31 -    DEBUG -           logging.py:  54 - Added entity: Asteroid
2025-01-12 23:00:31 -    DEBUG -           logging.py:  54 - Created new asteroid piece size small
2025-01-12 23:00:31 -    DEBUG -           logging.py:  54 - Added entity: Asteroid
2025-01-12 23:00:31 -    DEBUG -           logging.py:  54 - Created new asteroid piece size small
2025-01-12 23:00:31 -    DEBUG -           logging.py:  54 - Removed entity: Asteroid
2025-01-12 23:00:31 -    DEBUG -           logging.py:  54 - Removed entity: Bullet
2025-01-12 23:00:31 -    DEBUG -           logging.py:  54 - Added entity: Bullet
2025-01-12 23:00:31 -    DEBUG -           logging.py:  54 - Removed entity: Particle
2025-01-12 23:00:31 -    DEBUG -           logging.py:  54 - Removed entity: Particle
2025-01-12 23:00:31 -    DEBUG -           logging.py:  54 - Removed entity: Particle
2025-01-12 23:00:31 -    DEBUG -           logging.py:  54 - Removed entity: Particle
2025-01-12 23:00:32 -    DEBUG -           logging.py:  54 - Removed entity: Particle
2025-01-12 23:00:32 -    DEBUG -           logging.py:  54 - Added entity: Particle
2025-01-12 23:00:32 -    DEBUG -           logging.py:  54 - Added entity: Particle
2025-01-12 23:00:32 -    DEBUG -           logging.py:  54 - Added entity: Particle
2025-01-12 23:00:32 -    DEBUG -           logging.py:  54 - Added entity: Particle
2025-01-12 23:00:32 -    DEBUG -           logging.py:  54 - Added entity: Particle
2025-01-12 23:00:32 -    DEBUG -           logging.py:  54 - Added entity: Particle
2025-01-12 23:00:32 -    DEBUG -           logging.py:  54 - Added entity: Particle
2025-01-12 23:00:32 -    DEBUG -           logging.py:  54 - Added entity: Particle
2025-01-12 23:00:32 -    DEBUG -           logging.py:  54 - Added entity: Particle
2025-01-12 23:00:32 -    DEBUG -           logging.py:  54 - Added entity: Particle
2025-01-12 23:00:32 -    DEBUG -           logging.py:  54 - Added entity: Particle
2025-01-12 23:00:32 -    DEBUG -           logging.py:  54 - Added entity: Particle
2025-01-12 23:00:32 -    DEBUG -           logging.py:  54 - Added entity: Particle
2025-01-12 23:00:32 -    DEBUG -           logging.py:  54 - Added entity: Particle
2025-01-12 23:00:32 -    DEBUG -           logging.py:  54 - Added entity: Particle
2025-01-12 23:00:32 -    DEBUG -           logging.py:  54 - Added entity: Particle
2025-01-12 23:00:32 -    DEBUG -           logging.py:  54 - Added entity: Particle
2025-01-12 23:00:32 -    DEBUG -           logging.py:  54 - Added entity: Particle
2025-01-12 23:00:32 -    DEBUG -           logging.py:  54 - Added entity: Particle
2025-01-12 23:00:32 -    DEBUG -           logging.py:  54 - Added entity: Particle
2025-01-12 23:00:32 -    DEBUG -           logging.py:  54 - Score updated: 11 (+3)
2025-01-12 23:00:32 -    DEBUG -           logging.py:  54 - Hit asteroid size large, awarded 3 points
2025-01-12 23:00:32 -    DEBUG -           logging.py:  54 - Asteroid components initialized: transform=<src.core.entities.components.transform.TransformComponent object at 0x000001F6AE2734A0>, render=<src.core.entities.components.render.RenderComponent object at 0x000001F6AE2735F0>, collision=<src.core.entities.components.collision.CollisionComponent object at 0x000001F6AE273620>, screen_wrap=<src.core.entities.components.screen_wrap.ScreenWrapComponent object at 0x000001F6AE273650>
2025-01-12 23:00:32 -    DEBUG -           logging.py:  54 - Asteroid created: size=medium, pos=[175.24, 137.385], vel=[-74.7856, 114.761]
2025-01-12 23:00:32 -    DEBUG -           logging.py:  54 - Asteroid components initialized: transform=<src.core.entities.components.transform.TransformComponent object at 0x000001F6AE2736E0>, render=<src.core.entities.components.render.RenderComponent object at 0x000001F6AE273890>, collision=<src.core.entities.components.collision.CollisionComponent object at 0x000001F6AE2738C0>, screen_wrap=<src.core.entities.components.screen_wrap.ScreenWrapComponent object at 0x000001F6AE2738F0>
2025-01-12 23:00:32 -    DEBUG -           logging.py:  54 - Asteroid created: size=medium, pos=[240.184, 90.6708], vel=[100.583, 99.6499]
2025-01-12 23:00:32 -    DEBUG -           logging.py:  54 - Added entity: Asteroid
2025-01-12 23:00:32 -    DEBUG -           logging.py:  54 - Created new asteroid piece size medium
2025-01-12 23:00:32 -    DEBUG -           logging.py:  54 - Added entity: Asteroid
2025-01-12 23:00:32 -    DEBUG -           logging.py:  54 - Created new asteroid piece size medium
2025-01-12 23:00:32 -    DEBUG -           logging.py:  54 - Removed entity: Asteroid
2025-01-12 23:00:32 -    DEBUG -           logging.py:  54 - Removed entity: Bullet
2025-01-12 23:00:32 -    DEBUG -           logging.py:  54 - Removed entity: Particle
2025-01-12 23:00:32 -    DEBUG -           logging.py:  54 - Removed entity: Particle
2025-01-12 23:00:32 -    DEBUG -           logging.py:  54 - Removed entity: Particle
2025-01-12 23:00:32 -    DEBUG -           logging.py:  54 - Removed entity: Particle
2025-01-12 23:00:32 -    DEBUG -           logging.py:  54 - Removed entity: Particle
2025-01-12 23:00:32 -    DEBUG -           logging.py:  54 - Added entity: Particle
2025-01-12 23:00:32 -    DEBUG -           logging.py:  54 - Added entity: Particle
2025-01-12 23:00:32 -    DEBUG -           logging.py:  54 - Added entity: Particle
2025-01-12 23:00:32 -    DEBUG -           logging.py:  54 - Added entity: Particle
2025-01-12 23:00:32 -    DEBUG -           logging.py:  54 - Added entity: Particle
2025-01-12 23:00:32 -    DEBUG -           logging.py:  54 - Added entity: Particle
2025-01-12 23:00:32 -    DEBUG -           logging.py:  54 - Added entity: Particle
2025-01-12 23:00:32 -    DEBUG -           logging.py:  54 - Added entity: Particle
2025-01-12 23:00:32 -    DEBUG -           logging.py:  54 - Added entity: Particle
2025-01-12 23:00:32 -    DEBUG -           logging.py:  54 - Added entity: Particle
2025-01-12 23:00:32 -    DEBUG -           logging.py:  54 - Added entity: Particle
2025-01-12 23:00:32 -    DEBUG -           logging.py:  54 - Added entity: Particle
2025-01-12 23:00:32 -    DEBUG -           logging.py:  54 - Added entity: Particle
2025-01-12 23:00:32 -    DEBUG -           logging.py:  54 - Added entity: Particle
2025-01-12 23:00:32 -    DEBUG -           logging.py:  54 - Added entity: Particle
2025-01-12 23:00:32 -    DEBUG -           logging.py:  54 - Score updated: 13 (+2)
2025-01-12 23:00:32 -    DEBUG -           logging.py:  54 - Hit asteroid size medium, awarded 2 points
2025-01-12 23:00:32 -    DEBUG -           logging.py:  54 - Asteroid components initialized: transform=<src.core.entities.components.transform.TransformComponent object at 0x000001F6AE278CE0>, render=<src.core.entities.components.render.RenderComponent object at 0x000001F6AE278E30>, collision=<src.core.entities.components.collision.CollisionComponent object at 0x000001F6AE278E60>, screen_wrap=<src.core.entities.components.screen_wrap.ScreenWrapComponent object at 0x000001F6AE278E90>
2025-01-12 23:00:32 -    DEBUG -           logging.py:  54 - Asteroid created: size=small, pos=[157.212, 128.417], vel=[-172.475, -30.648]
2025-01-12 23:00:32 -    DEBUG -           logging.py:  54 - Asteroid components initialized: transform=<src.core.entities.components.transform.TransformComponent object at 0x000001F6AE278F20>, render=<src.core.entities.components.render.RenderComponent object at 0x000001F6AE2790D0>, collision=<src.core.entities.components.collision.CollisionComponent object at 0x000001F6AE279100>, screen_wrap=<src.core.entities.components.screen_wrap.ScreenWrapComponent object at 0x000001F6AE279130>
2025-01-12 23:00:32 -    DEBUG -           logging.py:  54 - Asteroid created: size=small, pos=[190.724, 150.256], vel=[-77.373, 162.677]
2025-01-12 23:00:32 -    DEBUG -           logging.py:  54 - Added entity: Asteroid
2025-01-12 23:00:32 -    DEBUG -           logging.py:  54 - Created new asteroid piece size small
2025-01-12 23:00:32 -    DEBUG -           logging.py:  54 - Added entity: Asteroid
2025-01-12 23:00:32 -    DEBUG -           logging.py:  54 - Created new asteroid piece size small
2025-01-12 23:00:32 -    DEBUG -           logging.py:  54 - Removed entity: Asteroid
2025-01-12 23:00:32 -    DEBUG -           logging.py:  54 - Removed entity: Bullet
2025-01-12 23:00:32 -    DEBUG -           logging.py:  54 - Added entity: Particle
2025-01-12 23:00:32 -    DEBUG -           logging.py:  54 - Added entity: Particle
2025-01-12 23:00:32 -    DEBUG -           logging.py:  54 - Added entity: Particle
2025-01-12 23:00:32 -    DEBUG -           logging.py:  54 - Added entity: Particle
2025-01-12 23:00:32 -    DEBUG -           logging.py:  54 - Added entity: Particle
2025-01-12 23:00:32 -    DEBUG -           logging.py:  54 - Added entity: Particle
2025-01-12 23:00:32 -    DEBUG -           logging.py:  54 - Added entity: Particle
2025-01-12 23:00:32 -    DEBUG -           logging.py:  54 - Added entity: Particle
2025-01-12 23:00:32 -    DEBUG -           logging.py:  54 - Added entity: Particle
2025-01-12 23:00:32 -    DEBUG -           logging.py:  54 - Added entity: Particle
2025-01-12 23:00:32 -    DEBUG -           logging.py:  54 - Score updated: 14 (+1)
2025-01-12 23:00:32 -    DEBUG -           logging.py:  54 - Hit asteroid size small, awarded 1 points
2025-01-12 23:00:32 -    DEBUG -           logging.py:  54 - Removed entity: Asteroid
2025-01-12 23:00:32 -    DEBUG -           logging.py:  54 - Removed entity: Bullet
2025-01-12 23:00:32 -    DEBUG -           logging.py:  54 - Removed entity: Particle
2025-01-12 23:00:32 -    DEBUG -           logging.py:  54 - Removed entity: Particle
2025-01-12 23:00:32 -    DEBUG -           logging.py:  54 - Removed entity: Particle
2025-01-12 23:00:32 -    DEBUG -           logging.py:  54 - Removed entity: Particle
2025-01-12 23:00:32 -    DEBUG -           logging.py:  54 - Removed entity: Particle
2025-01-12 23:00:32 -    DEBUG -           logging.py:  54 - Removed entity: Particle
2025-01-12 23:00:32 -    DEBUG -           logging.py:  54 - Added entity: Particle
2025-01-12 23:00:32 -    DEBUG -           logging.py:  54 - Added entity: Particle
2025-01-12 23:00:32 -    DEBUG -           logging.py:  54 - Added entity: Particle
2025-01-12 23:00:32 -    DEBUG -           logging.py:  54 - Added entity: Particle
2025-01-12 23:00:32 -    DEBUG -           logging.py:  54 - Added entity: Particle
2025-01-12 23:00:32 -    DEBUG -           logging.py:  54 - Added entity: Particle
2025-01-12 23:00:32 -    DEBUG -           logging.py:  54 - Added entity: Particle
2025-01-12 23:00:32 -    DEBUG -           logging.py:  54 - Added entity: Particle
2025-01-12 23:00:32 -    DEBUG -           logging.py:  54 - Added entity: Particle
2025-01-12 23:00:32 -    DEBUG -           logging.py:  54 - Added entity: Particle
2025-01-12 23:00:32 -    DEBUG -           logging.py:  54 - Score updated: 15 (+1)
2025-01-12 23:00:32 -    DEBUG -           logging.py:  54 - Hit asteroid size small, awarded 1 points
2025-01-12 23:00:32 -    DEBUG -           logging.py:  54 - Removed entity: Asteroid
2025-01-12 23:00:32 -    DEBUG -           logging.py:  54 - Removed entity: Bullet
2025-01-12 23:00:32 -    DEBUG -           logging.py:  54 - Asteroid components initialized: transform=<src.core.entities.components.transform.TransformComponent object at 0x000001F6AE2845F0>, render=<src.core.entities.components.render.RenderComponent object at 0x000001F6AE284740>, collision=<src.core.entities.components.collision.CollisionComponent object at 0x000001F6AE284770>, screen_wrap=<src.core.entities.components.screen_wrap.ScreenWrapComponent object at 0x000001F6AE2847A0>
2025-01-12 23:00:32 -    DEBUG -           logging.py:  54 - Asteroid created: size=large, pos=[800, 95.4368], vel=[-92.2236, 29.0159]
2025-01-12 23:00:32 -    DEBUG -           logging.py:  54 - Added entity: Asteroid
2025-01-12 23:00:32 -    DEBUG -           logging.py:  54 - Removed entity: Particle
2025-01-12 23:00:32 -    DEBUG -           logging.py:  54 - Removed entity: Particle
2025-01-12 23:00:32 -    DEBUG -           logging.py:  54 - Removed entity: Particle
2025-01-12 23:00:32 -    DEBUG -           logging.py:  54 - Removed entity: Particle
2025-01-12 23:00:32 -    DEBUG -           logging.py:  54 - Removed entity: Particle
2025-01-12 23:00:32 -    DEBUG -           logging.py:  54 - Removed entity: Particle
2025-01-12 23:00:32 -    DEBUG -           logging.py:  54 - Removed entity: Particle
2025-01-12 23:00:32 -    DEBUG -           logging.py:  54 - Removed entity: Particle
2025-01-12 23:00:32 -    DEBUG -           logging.py:  54 - Removed entity: Particle
2025-01-12 23:00:32 -    DEBUG -           logging.py:  54 - Removed entity: Particle
2025-01-12 23:00:32 -    DEBUG -           logging.py:  54 - Removed entity: Particle
2025-01-12 23:00:32 -    DEBUG -           logging.py:  54 - Removed entity: Particle
2025-01-12 23:00:32 -    DEBUG -           logging.py:  54 - Removed entity: Particle
2025-01-12 23:00:32 -    DEBUG -           logging.py:  54 - Removed entity: Particle
2025-01-12 23:00:32 -    DEBUG -           logging.py:  54 - Removed entity: Particle
2025-01-12 23:00:32 -    DEBUG -           logging.py:  54 - Removed entity: Particle
2025-01-12 23:00:32 -    DEBUG -           logging.py:  54 - Removed entity: Particle
2025-01-12 23:00:32 -    DEBUG -           logging.py:  54 - Removed entity: Particle
2025-01-12 23:00:32 -    DEBUG -           logging.py:  54 - Removed entity: Particle
2025-01-12 23:00:32 -    DEBUG -           logging.py:  54 - Removed entity: Particle
2025-01-12 23:00:32 -    DEBUG -           logging.py:  54 - Removed entity: Particle
2025-01-12 23:00:32 -    DEBUG -           logging.py:  54 - Removed entity: Particle
2025-01-12 23:00:32 -    DEBUG -           logging.py:  54 - Removed entity: Particle
2025-01-12 23:00:32 -    DEBUG -           logging.py:  54 - Removed entity: Particle
2025-01-12 23:00:32 -    DEBUG -           logging.py:  54 - Removed entity: Particle
2025-01-12 23:00:32 -    DEBUG -           logging.py:  54 - Removed entity: Particle
2025-01-12 23:00:32 -    DEBUG -           logging.py:  54 - Removed entity: Particle
2025-01-12 23:00:32 -    DEBUG -           logging.py:  54 - Removed entity: Particle
2025-01-12 23:00:32 -    DEBUG -           logging.py:  54 - Removed entity: Particle
2025-01-12 23:00:32 -    DEBUG -           logging.py:  54 - Removed entity: Particle
2025-01-12 23:00:32 -    DEBUG -           logging.py:  54 - Removed entity: Particle
2025-01-12 23:00:32 -    DEBUG -           logging.py:  54 - Removed entity: Particle
2025-01-12 23:00:32 -    DEBUG -           logging.py:  54 - Removed entity: Particle
2025-01-12 23:00:32 -    DEBUG -           logging.py:  54 - Removed entity: Particle
2025-01-12 23:00:32 -    DEBUG -           logging.py:  54 - Removed entity: Particle
2025-01-12 23:00:32 -    DEBUG -           logging.py:  54 - Removed entity: Particle
2025-01-12 23:00:32 -    DEBUG -           logging.py:  54 - Removed entity: Particle
2025-01-12 23:00:32 -    DEBUG -           logging.py:  54 - Removed entity: Particle
2025-01-12 23:00:32 -    DEBUG -           logging.py:  54 - Removed entity: Particle
2025-01-12 23:00:32 -    DEBUG -           logging.py:  54 - Removed entity: Particle
2025-01-12 23:00:32 -    DEBUG -           logging.py:  54 - Removed entity: Particle
2025-01-12 23:00:32 -    DEBUG -           logging.py:  54 - Removed entity: Particle
2025-01-12 23:00:32 -    DEBUG -           logging.py:  54 - Removed entity: Particle
2025-01-12 23:00:32 -    DEBUG -           logging.py:  54 - Removed entity: Particle
2025-01-12 23:00:32 -    DEBUG -           logging.py:  54 - Removed entity: Particle
2025-01-12 23:00:32 -    DEBUG -           logging.py:  54 - Removed entity: Particle
2025-01-12 23:00:32 -    DEBUG -           logging.py:  54 - Removed entity: Particle
2025-01-12 23:00:32 -    DEBUG -           logging.py:  54 - Removed entity: Particle
2025-01-12 23:00:32 -    DEBUG -           logging.py:  54 - Removed entity: Particle
2025-01-12 23:00:32 -    DEBUG -           logging.py:  54 - Removed entity: Particle
2025-01-12 23:00:32 -    DEBUG -           logging.py:  54 - Removed entity: Particle
2025-01-12 23:00:32 -    DEBUG -           logging.py:  54 - Removed entity: Particle
2025-01-12 23:00:32 -    DEBUG -           logging.py:  54 - Removed entity: Particle
2025-01-12 23:00:32 -    DEBUG -           logging.py:  54 - Removed entity: Particle
2025-01-12 23:00:32 -    DEBUG -           logging.py:  54 - Removed entity: Particle
2025-01-12 23:00:32 -    DEBUG -           logging.py:  54 - Removed entity: Particle
2025-01-12 23:00:32 -    DEBUG -           logging.py:  54 - Removed entity: Particle
2025-01-12 23:00:32 -    DEBUG -           logging.py:  54 - Removed entity: Particle
2025-01-12 23:00:32 -    DEBUG -           logging.py:  54 - Removed entity: Particle
2025-01-12 23:00:32 -    DEBUG -           logging.py:  54 - Removed entity: Particle
2025-01-12 23:00:32 -    DEBUG -           logging.py:  54 - Added entity: Bullet
2025-01-12 23:00:32 -    DEBUG -           logging.py:  54 - Added entity: Bullet
2025-01-12 23:00:32 -    DEBUG -           logging.py:  54 - Added entity: Bullet
2025-01-12 23:00:32 -    DEBUG -           logging.py:  54 - Removed entity: Particle
2025-01-12 23:00:32 -    DEBUG -           logging.py:  54 - Removed entity: Particle
2025-01-12 23:00:32 -    DEBUG -           logging.py:  54 - Removed entity: Particle
2025-01-12 23:00:32 -    DEBUG -           logging.py:  54 - Removed entity: Particle
2025-01-12 23:00:32 -    DEBUG -           logging.py:  54 - Added entity: Bullet
2025-01-12 23:00:32 -    DEBUG -           logging.py:  54 - Removed entity: Particle
2025-01-12 23:00:32 -    DEBUG -           logging.py:  54 - Removed entity: Particle
2025-01-12 23:00:32 -    DEBUG -           logging.py:  54 - Removed entity: Particle
2025-01-12 23:00:32 -    DEBUG -           logging.py:  54 - Removed entity: Particle
2025-01-12 23:00:32 -    DEBUG -           logging.py:  54 - Removed entity: Particle
2025-01-12 23:00:32 -    DEBUG -           logging.py:  54 - Removed entity: Particle
2025-01-12 23:00:32 -    DEBUG -           logging.py:  54 - Removed entity: Particle
2025-01-12 23:00:32 -    DEBUG -           logging.py:  54 - Removed entity: Particle
2025-01-12 23:00:32 -    DEBUG -           logging.py:  54 - Removed entity: Particle
2025-01-12 23:00:32 -    DEBUG -           logging.py:  54 - Removed entity: Particle
2025-01-12 23:00:32 -    DEBUG -           logging.py:  54 - Removed entity: Particle
2025-01-12 23:00:32 -    DEBUG -           logging.py:  54 - Removed entity: Particle
2025-01-12 23:00:32 -    DEBUG -           logging.py:  54 - Removed entity: Particle
2025-01-12 23:00:32 -    DEBUG -           logging.py:  54 - Removed entity: Particle
2025-01-12 23:00:32 -    DEBUG -           logging.py:  54 - Removed entity: Particle
2025-01-12 23:00:32 -    DEBUG -           logging.py:  54 - Removed entity: Particle
2025-01-12 23:00:32 -    DEBUG -           logging.py:  54 - Removed entity: Particle
2025-01-12 23:00:32 -    DEBUG -           logging.py:  54 - Removed entity: Particle
2025-01-12 23:00:32 -    DEBUG -           logging.py:  54 - Removed entity: Particle
2025-01-12 23:00:32 -    DEBUG -           logging.py:  54 - Removed entity: Particle
2025-01-12 23:00:32 -    DEBUG -           logging.py:  54 - Removed entity: Particle
2025-01-12 23:00:32 -    DEBUG -           logging.py:  54 - Removed entity: Particle
2025-01-12 23:00:32 -    DEBUG -           logging.py:  54 - Removed entity: Particle
2025-01-12 23:00:32 -    DEBUG -           logging.py:  54 - Removed entity: Particle
2025-01-12 23:00:32 -    DEBUG -           logging.py:  54 - Removed entity: Particle
2025-01-12 23:00:32 -    DEBUG -           logging.py:  54 - Removed entity: Particle
2025-01-12 23:00:32 -    DEBUG -           logging.py:  54 - Removed entity: Particle
2025-01-12 23:00:32 -    DEBUG -           logging.py:  54 - Removed entity: Particle
2025-01-12 23:00:32 -    DEBUG -           logging.py:  54 - Removed entity: Particle
2025-01-12 23:00:32 -    DEBUG -           logging.py:  54 - Removed entity: Particle
2025-01-12 23:00:32 -    DEBUG -           logging.py:  54 - Removed entity: Particle
2025-01-12 23:00:32 -    DEBUG -           logging.py:  54 - Removed entity: Particle
2025-01-12 23:00:32 -    DEBUG -           logging.py:  54 - Removed entity: Particle
2025-01-12 23:00:32 -    DEBUG -           logging.py:  54 - Removed entity: Particle
2025-01-12 23:00:32 -    DEBUG -           logging.py:  54 - Removed entity: Particle
2025-01-12 23:00:32 -    DEBUG -           logging.py:  54 - Added entity: Particle
2025-01-12 23:00:32 -    DEBUG -           logging.py:  54 - Added entity: Particle
2025-01-12 23:00:32 -    DEBUG -           logging.py:  54 - Added entity: Particle
2025-01-12 23:00:32 -    DEBUG -           logging.py:  54 - Rotating right: change=4.59, new rotation=298.04
2025-01-12 23:00:32 -    DEBUG -           logging.py:  54 - Added entity: Particle
2025-01-12 23:00:32 -    DEBUG -           logging.py:  54 - Added entity: Particle
2025-01-12 23:00:32 -    DEBUG -           logging.py:  54 - Rotating right: change=4.59, new rotation=304.92
2025-01-12 23:00:32 -    DEBUG -           logging.py:  54 - Added entity: Particle
2025-01-12 23:00:32 -    DEBUG -           logging.py:  54 - Added entity: Particle
2025-01-12 23:00:32 -    DEBUG -           logging.py:  54 - Rotating right: change=4.59, new rotation=311.81
2025-01-12 23:00:32 -    DEBUG -           logging.py:  54 - Added entity: Particle
2025-01-12 23:00:32 -    DEBUG -           logging.py:  54 - Added entity: Particle
2025-01-12 23:00:32 -    DEBUG -           logging.py:  54 - Rotating right: change=4.59, new rotation=318.69
2025-01-12 23:00:32 -    DEBUG -           logging.py:  54 - Removed entity: Bullet
2025-01-12 23:00:32 -    DEBUG -           logging.py:  54 - Removed entity: Bullet
2025-01-12 23:00:32 -    DEBUG -           logging.py:  54 - Added entity: Particle
2025-01-12 23:00:32 -    DEBUG -           logging.py:  54 - Added entity: Particle
2025-01-12 23:00:32 -    DEBUG -           logging.py:  54 - Rotating right: change=4.59, new rotation=325.58
2025-01-12 23:00:32 -    DEBUG -           logging.py:  54 - Added entity: Particle
2025-01-12 23:00:32 -    DEBUG -           logging.py:  54 - Added entity: Particle
2025-01-12 23:00:32 -    DEBUG -           logging.py:  54 - Rotating right: change=4.59, new rotation=332.46
2025-01-12 23:00:32 -    DEBUG -           logging.py:  54 - Removed entity: Bullet
2025-01-12 23:00:32 -    DEBUG -           logging.py:  54 - Removed entity: Bullet
2025-01-12 23:00:32 -    DEBUG -           logging.py:  54 - Removed entity: Particle
2025-01-12 23:00:32 -    DEBUG -           logging.py:  54 - Removed entity: Particle
2025-01-12 23:00:32 -    DEBUG -           logging.py:  54 - Removed entity: Particle
2025-01-12 23:00:32 -    DEBUG -           logging.py:  54 - Added entity: Particle
2025-01-12 23:00:32 -    DEBUG -           logging.py:  54 - Added entity: Particle
2025-01-12 23:00:32 -    DEBUG -           logging.py:  54 - Rotating right: change=4.32, new rotation=338.94
2025-01-12 23:00:32 -    DEBUG -           logging.py:  54 - Added entity: Particle
2025-01-12 23:00:32 -    DEBUG -           logging.py:  54 - Added entity: Particle
2025-01-12 23:00:32 -    DEBUG -           logging.py:  54 - Rotating right: change=4.32, new rotation=345.42
2025-01-12 23:00:32 -    DEBUG -           logging.py:  54 - Removed entity: Particle
2025-01-12 23:00:32 -    DEBUG -           logging.py:  54 - Removed entity: Particle
2025-01-12 23:00:32 -    DEBUG -           logging.py:  54 - Removed entity: Particle
2025-01-12 23:00:32 -    DEBUG -           logging.py:  54 - Removed entity: Particle
2025-01-12 23:00:32 -    DEBUG -           logging.py:  54 - Removed entity: Particle
2025-01-12 23:00:32 -    DEBUG -           logging.py:  54 - Removed entity: Particle
2025-01-12 23:00:32 -    DEBUG -           logging.py:  54 - Removed entity: Particle
2025-01-12 23:00:32 -    DEBUG -           logging.py:  54 - Removed entity: Particle
2025-01-12 23:00:32 -    DEBUG -           logging.py:  54 - Removed entity: Particle
2025-01-12 23:00:32 -    DEBUG -           logging.py:  54 - Removed entity: Particle
2025-01-12 23:00:32 -    DEBUG -           logging.py:  54 - Removed entity: Particle
2025-01-12 23:00:32 -    DEBUG -           logging.py:  54 - Removed entity: Particle
2025-01-12 23:00:32 -    DEBUG -           logging.py:  54 - Removed entity: Particle
2025-01-12 23:00:32 -    DEBUG -           logging.py:  54 - Removed entity: Particle
2025-01-12 23:00:32 -     INFO -           logging.py:  58 - Ship hit by asteroid
2025-01-12 23:00:32 -    DEBUG -           logging.py:  54 - Added entity: Particle
2025-01-12 23:00:32 -    DEBUG -           logging.py:  54 - Added entity: Particle
2025-01-12 23:00:32 -    DEBUG -           logging.py:  54 - Added entity: Particle
2025-01-12 23:00:32 -    DEBUG -           logging.py:  54 - Added entity: Particle
2025-01-12 23:00:32 -    DEBUG -           logging.py:  54 - Added entity: Particle
2025-01-12 23:00:32 -    DEBUG -           logging.py:  54 - Added entity: Particle
2025-01-12 23:00:32 -    DEBUG -           logging.py:  54 - Added entity: Particle
2025-01-12 23:00:32 -    DEBUG -           logging.py:  54 - Added entity: Particle
2025-01-12 23:00:32 -    DEBUG -           logging.py:  54 - Added entity: Particle
2025-01-12 23:00:32 -    DEBUG -           logging.py:  54 - Added entity: Particle
2025-01-12 23:00:32 -    DEBUG -           logging.py:  54 - Added entity: Particle
2025-01-12 23:00:32 -    DEBUG -           logging.py:  54 - Added entity: Particle
2025-01-12 23:00:32 -    DEBUG -           logging.py:  54 - Added entity: Particle
2025-01-12 23:00:32 -    DEBUG -           logging.py:  54 - Added entity: Particle
2025-01-12 23:00:32 -    DEBUG -           logging.py:  54 - Added entity: Particle
2025-01-12 23:00:32 -     INFO -           logging.py:  58 - Life lost. Remaining lives: 2
2025-01-12 23:00:32 -     INFO -           logging.py:  58 - Respawning ship
2025-01-12 23:00:32 -    DEBUG -           logging.py:  54 - Added entity: Bullet
2025-01-12 23:00:32 -    DEBUG -           logging.py:  54 - Added entity: Bullet
2025-01-12 23:00:32 -    DEBUG -           logging.py:  54 - Added entity: Bullet
2025-01-12 23:00:32 -    DEBUG -           logging.py:  54 - Added entity: Bullet
2025-01-12 23:00:33 -    DEBUG -           logging.py:  54 - Removed entity: Particle
2025-01-12 23:00:33 -    DEBUG -           logging.py:  54 - Removed entity: Particle
2025-01-12 23:00:33 -    DEBUG -           logging.py:  54 - Removed entity: Particle
2025-01-12 23:00:33 -    DEBUG -           logging.py:  54 - Removed entity: Particle
2025-01-12 23:00:33 -    DEBUG -           logging.py:  54 - Removed entity: Particle
2025-01-12 23:00:33 -    DEBUG -           logging.py:  54 - Removed entity: Particle
2025-01-12 23:00:33 -    DEBUG -           logging.py:  54 - Removed entity: Particle
2025-01-12 23:00:33 -    DEBUG -           logging.py:  54 - Removed entity: Particle
2025-01-12 23:00:33 -    DEBUG -           logging.py:  54 - Removed entity: Particle
2025-01-12 23:00:33 -    DEBUG -           logging.py:  54 - Removed entity: Particle
2025-01-12 23:00:33 -    DEBUG -           logging.py:  54 - Removed entity: Particle
2025-01-12 23:00:33 -    DEBUG -           logging.py:  54 - Removed entity: Particle
2025-01-12 23:00:33 -    DEBUG -           logging.py:  54 - Removed entity: Particle
2025-01-12 23:00:33 -    DEBUG -           logging.py:  54 - Removed entity: Particle
2025-01-12 23:00:33 -    DEBUG -           logging.py:  54 - Removed entity: Particle
2025-01-12 23:00:33 -    DEBUG -           logging.py:  54 - Removed entity: Bullet
2025-01-12 23:00:33 -    DEBUG -           logging.py:  54 - Removed entity: Bullet
2025-01-12 23:00:33 -    DEBUG -           logging.py:  54 - Removed entity: Bullet
2025-01-12 23:00:33 -    DEBUG -           logging.py:  54 - Removed entity: Bullet
2025-01-12 23:00:34 -    DEBUG -           logging.py:  54 - Added entity: Particle
2025-01-12 23:00:34 -    DEBUG -           logging.py:  54 - Added entity: Particle
2025-01-12 23:00:34 -    DEBUG -           logging.py:  54 - Added entity: Particle
2025-01-12 23:00:34 -    DEBUG -           logging.py:  54 - Added entity: Particle
2025-01-12 23:00:34 -    DEBUG -           logging.py:  54 - Added entity: Particle
2025-01-12 23:00:34 -    DEBUG -           logging.py:  54 - Added entity: Particle
2025-01-12 23:00:34 -    DEBUG -           logging.py:  54 - Added entity: Particle
2025-01-12 23:00:34 -    DEBUG -           logging.py:  54 - Added entity: Particle
2025-01-12 23:00:34 -    DEBUG -           logging.py:  54 - Added entity: Particle
2025-01-12 23:00:34 -    DEBUG -           logging.py:  54 - Added entity: Particle
2025-01-12 23:00:34 -    DEBUG -           logging.py:  54 - Added entity: Particle
2025-01-12 23:00:34 -    DEBUG -           logging.py:  54 - Added entity: Particle
2025-01-12 23:00:34 -    DEBUG -           logging.py:  54 - Added entity: Particle
2025-01-12 23:00:34 -    DEBUG -           logging.py:  54 - Added entity: Particle
2025-01-12 23:00:34 -    DEBUG -           logging.py:  54 - Added entity: Particle
2025-01-12 23:00:34 -    DEBUG -           logging.py:  54 - Added entity: Particle
2025-01-12 23:00:34 -    DEBUG -           logging.py:  54 - Added entity: Particle
2025-01-12 23:00:34 -    DEBUG -           logging.py:  54 - Added entity: Particle
2025-01-12 23:00:34 -    DEBUG -           logging.py:  54 - Added entity: Particle
2025-01-12 23:00:34 -    DEBUG -           logging.py:  54 - Added entity: Particle
2025-01-12 23:00:34 -    DEBUG -           logging.py:  54 - Added entity: Particle
2025-01-12 23:00:34 -    DEBUG -           logging.py:  54 - Added entity: Particle
2025-01-12 23:00:34 -    DEBUG -           logging.py:  54 - Added entity: Particle
2025-01-12 23:00:34 -    DEBUG -           logging.py:  54 - Added entity: Particle
2025-01-12 23:00:34 -    DEBUG -           logging.py:  54 - Added entity: Particle
2025-01-12 23:00:34 -    DEBUG -           logging.py:  54 - Added entity: Particle
2025-01-12 23:00:34 -    DEBUG -           logging.py:  54 - Added entity: Particle
2025-01-12 23:00:34 -    DEBUG -           logging.py:  54 - Added entity: Particle
2025-01-12 23:00:34 -    DEBUG -           logging.py:  54 - Added entity: Particle
2025-01-12 23:00:34 -    DEBUG -           logging.py:  54 - Added entity: Particle
2025-01-12 23:00:34 -    DEBUG -           logging.py:  54 - Added entity: Particle
2025-01-12 23:00:34 -    DEBUG -           logging.py:  54 - Added entity: Particle
2025-01-12 23:00:34 -    DEBUG -           logging.py:  54 - Added entity: Particle
2025-01-12 23:00:34 -    DEBUG -           logging.py:  54 - Added entity: Particle
2025-01-12 23:00:34 -    DEBUG -           logging.py:  54 - Added entity: Particle
2025-01-12 23:00:34 -    DEBUG -           logging.py:  54 - Added entity: Particle
2025-01-12 23:00:34 -    DEBUG -           logging.py:  54 - Added entity: Particle
2025-01-12 23:00:34 -    DEBUG -           logging.py:  54 - Added entity: Particle
2025-01-12 23:00:34 -    DEBUG -           logging.py:  54 - Added entity: Particle
2025-01-12 23:00:34 -    DEBUG -           logging.py:  54 - Added entity: Particle
2025-01-12 23:00:34 -    DEBUG -           logging.py:  54 - Added entity: Particle
2025-01-12 23:00:34 -    DEBUG -           logging.py:  54 - Added entity: Particle
2025-01-12 23:00:34 -    DEBUG -           logging.py:  54 - Added entity: Particle
2025-01-12 23:00:34 -    DEBUG -           logging.py:  54 - Added entity: Particle
2025-01-12 23:00:34 -    DEBUG -           logging.py:  54 - Added entity: Particle
2025-01-12 23:00:34 -    DEBUG -           logging.py:  54 - Added entity: Particle
2025-01-12 23:00:34 -    DEBUG -           logging.py:  54 - Added entity: Particle
2025-01-12 23:00:34 -    DEBUG -           logging.py:  54 - Added entity: Particle
2025-01-12 23:00:34 -    DEBUG -           logging.py:  54 - Added entity: Particle
2025-01-12 23:00:34 -    DEBUG -           logging.py:  54 - Added entity: Particle
2025-01-12 23:00:34 -    DEBUG -           logging.py:  54 - Removed entity: Particle
2025-01-12 23:00:34 -    DEBUG -           logging.py:  54 - Removed entity: Particle
2025-01-12 23:00:34 -    DEBUG -           logging.py:  54 - Removed entity: Particle
2025-01-12 23:00:34 -    DEBUG -           logging.py:  54 - Added entity: Particle
2025-01-12 23:00:34 -    DEBUG -           logging.py:  54 - Added entity: Particle
2025-01-12 23:00:34 -    DEBUG -           logging.py:  54 - Added entity: Particle
2025-01-12 23:00:34 -    DEBUG -           logging.py:  54 - Added entity: Particle
2025-01-12 23:00:34 -    DEBUG -           logging.py:  54 - Added entity: Particle
2025-01-12 23:00:34 -    DEBUG -           logging.py:  54 - Added entity: Particle
2025-01-12 23:00:34 -    DEBUG -           logging.py:  54 - Added entity: Particle
2025-01-12 23:00:34 -    DEBUG -           logging.py:  54 - Added entity: Particle
2025-01-12 23:00:34 -    DEBUG -           logging.py:  54 - Added entity: Particle
2025-01-12 23:00:34 -    DEBUG -           logging.py:  54 - Added entity: Particle
2025-01-12 23:00:34 -    DEBUG -           logging.py:  54 - Added entity: Particle
2025-01-12 23:00:34 -    DEBUG -           logging.py:  54 - Added entity: Particle
2025-01-12 23:00:34 -    DEBUG -           logging.py:  54 - Removed entity: Particle
2025-01-12 23:00:34 -    DEBUG -           logging.py:  54 - Removed entity: Particle
2025-01-12 23:00:34 -    DEBUG -           logging.py:  54 - Removed entity: Particle
2025-01-12 23:00:34 -    DEBUG -           logging.py:  54 - Removed entity: Particle
2025-01-12 23:00:34 -    DEBUG -           logging.py:  54 - Removed entity: Particle
2025-01-12 23:00:34 -    DEBUG -           logging.py:  54 - Removed entity: Particle
2025-01-12 23:00:34 -    DEBUG -           logging.py:  54 - Removed entity: Particle
2025-01-12 23:00:34 -    DEBUG -           logging.py:  54 - Removed entity: Particle
2025-01-12 23:00:34 -    DEBUG -           logging.py:  54 - Removed entity: Particle
2025-01-12 23:00:34 -    DEBUG -           logging.py:  54 - Added entity: Particle
2025-01-12 23:00:34 -    DEBUG -           logging.py:  54 - Added entity: Particle
2025-01-12 23:00:34 -    DEBUG -           logging.py:  54 - Added entity: Particle
2025-01-12 23:00:34 -    DEBUG -           logging.py:  54 - Added entity: Particle
2025-01-12 23:00:34 -    DEBUG -           logging.py:  54 - Added entity: Particle
2025-01-12 23:00:34 -    DEBUG -           logging.py:  54 - Added entity: Particle
2025-01-12 23:00:34 -    DEBUG -           logging.py:  54 - Added entity: Particle
2025-01-12 23:00:34 -    DEBUG -           logging.py:  54 - Added entity: Particle
2025-01-12 23:00:34 -    DEBUG -           logging.py:  54 - Added entity: Particle
2025-01-12 23:00:34 -    DEBUG -           logging.py:  54 - Added entity: Particle
2025-01-12 23:00:34 -    DEBUG -           logging.py:  54 - Added entity: Particle
2025-01-12 23:00:34 -    DEBUG -           logging.py:  54 - Removed entity: Particle
2025-01-12 23:00:34 -    DEBUG -           logging.py:  54 - Removed entity: Particle
2025-01-12 23:00:34 -    DEBUG -           logging.py:  54 - Removed entity: Particle
2025-01-12 23:00:34 -    DEBUG -           logging.py:  54 - Removed entity: Particle
2025-01-12 23:00:34 -    DEBUG -           logging.py:  54 - Removed entity: Particle
2025-01-12 23:00:34 -    DEBUG -           logging.py:  54 - Removed entity: Particle
2025-01-12 23:00:34 -    DEBUG -           logging.py:  54 - Removed entity: Particle
2025-01-12 23:00:34 -    DEBUG -           logging.py:  54 - Removed entity: Particle
2025-01-12 23:00:34 -    DEBUG -           logging.py:  54 - Removed entity: Particle
2025-01-12 23:00:34 -    DEBUG -           logging.py:  54 - Removed entity: Particle
2025-01-12 23:00:34 -    DEBUG -           logging.py:  54 - Removed entity: Particle
2025-01-12 23:00:34 -    DEBUG -           logging.py:  54 - Removed entity: Particle
2025-01-12 23:00:34 -    DEBUG -           logging.py:  54 - Removed entity: Particle
2025-01-12 23:00:34 -    DEBUG -           logging.py:  54 - Removed entity: Particle
2025-01-12 23:00:34 -    DEBUG -           logging.py:  54 - Removed entity: Particle
2025-01-12 23:00:34 -    DEBUG -           logging.py:  54 - Removed entity: Particle
2025-01-12 23:00:34 -    DEBUG -           logging.py:  54 - Removed entity: Particle
2025-01-12 23:00:34 -    DEBUG -           logging.py:  54 - Removed entity: Particle
2025-01-12 23:00:34 -    DEBUG -           logging.py:  54 - Removed entity: Particle
2025-01-12 23:00:34 -    DEBUG -           logging.py:  54 - Removed entity: Particle
2025-01-12 23:00:34 -    DEBUG -           logging.py:  54 - Removed entity: Particle
2025-01-12 23:00:34 -    DEBUG -           logging.py:  54 - Removed entity: Particle
2025-01-12 23:00:34 -    DEBUG -           logging.py:  54 - Removed entity: Particle
2025-01-12 23:00:34 -    DEBUG -           logging.py:  54 - Removed entity: Particle
2025-01-12 23:00:34 -    DEBUG -           logging.py:  54 - Removed entity: Particle
2025-01-12 23:00:34 -    DEBUG -           logging.py:  54 - Removed entity: Particle
2025-01-12 23:00:34 -    DEBUG -           logging.py:  54 - Removed entity: Particle
2025-01-12 23:00:34 -    DEBUG -           logging.py:  54 - Removed entity: Particle
2025-01-12 23:00:34 -    DEBUG -           logging.py:  54 - Removed entity: Particle
2025-01-12 23:00:34 -    DEBUG -           logging.py:  54 - Removed entity: Particle
2025-01-12 23:00:34 -    DEBUG -           logging.py:  54 - Removed entity: Particle
2025-01-12 23:00:34 -    DEBUG -           logging.py:  54 - Removed entity: Particle
2025-01-12 23:00:34 -    DEBUG -           logging.py:  54 - Removed entity: Particle
2025-01-12 23:00:34 -    DEBUG -           logging.py:  54 - Removed entity: Particle
2025-01-12 23:00:34 -    DEBUG -           logging.py:  54 - Removed entity: Particle
2025-01-12 23:00:34 -    DEBUG -           logging.py:  54 - Removed entity: Particle
2025-01-12 23:00:34 -    DEBUG -           logging.py:  54 - Removed entity: Particle
2025-01-12 23:00:34 -    DEBUG -           logging.py:  54 - Removed entity: Particle
2025-01-12 23:00:34 -    DEBUG -           logging.py:  54 - Removed entity: Particle
2025-01-12 23:00:34 -    DEBUG -           logging.py:  54 - Removed entity: Particle
2025-01-12 23:00:34 -    DEBUG -           logging.py:  54 - Removed entity: Particle
2025-01-12 23:00:34 -    DEBUG -           logging.py:  54 - Removed entity: Particle
2025-01-12 23:00:34 -    DEBUG -           logging.py:  54 - Removed entity: Particle
2025-01-12 23:00:34 -    DEBUG -           logging.py:  54 - Removed entity: Particle
2025-01-12 23:00:34 -    DEBUG -           logging.py:  54 - Removed entity: Particle
2025-01-12 23:00:34 -    DEBUG -           logging.py:  54 - Removed entity: Particle
2025-01-12 23:00:34 -    DEBUG -           logging.py:  54 - Removed entity: Particle
2025-01-12 23:00:34 -    DEBUG -           logging.py:  54 - Removed entity: Particle
2025-01-12 23:00:34 -    DEBUG -           logging.py:  54 - Removed entity: Particle
2025-01-12 23:00:34 -    DEBUG -           logging.py:  54 - Removed entity: Particle
2025-01-12 23:00:34 -    DEBUG -           logging.py:  54 - Removed entity: Particle
2025-01-12 23:00:34 -    DEBUG -           logging.py:  54 - Removed entity: Particle
2025-01-12 23:00:34 -    DEBUG -           logging.py:  54 - Removed entity: Particle
2025-01-12 23:00:34 -    DEBUG -           logging.py:  54 - Removed entity: Particle
2025-01-12 23:00:34 -    DEBUG -           logging.py:  54 - Removed entity: Particle
2025-01-12 23:00:34 -    DEBUG -           logging.py:  54 - Removed entity: Particle
2025-01-12 23:00:34 -    DEBUG -           logging.py:  54 - Removed entity: Particle
2025-01-12 23:00:34 -    DEBUG -           logging.py:  54 - Removed entity: Particle
2025-01-12 23:00:34 -    DEBUG -           logging.py:  54 - Removed entity: Particle
2025-01-12 23:00:34 -    DEBUG -           logging.py:  54 - Removed entity: Particle
2025-01-12 23:00:34 -    DEBUG -           logging.py:  54 - Removed entity: Particle
2025-01-12 23:00:34 -    DEBUG -           logging.py:  54 - Added entity: Particle
2025-01-12 23:00:34 -    DEBUG -           logging.py:  54 - Added entity: Particle
2025-01-12 23:00:34 -    DEBUG -           logging.py:  54 - Added entity: Particle
2025-01-12 23:00:34 -    DEBUG -           logging.py:  54 - Rotating right: change=4.59, new rotation=9.18
2025-01-12 23:00:34 -    DEBUG -           logging.py:  54 - Added entity: Particle
2025-01-12 23:00:34 -    DEBUG -           logging.py:  54 - Added entity: Particle
2025-01-12 23:00:34 -    DEBUG -           logging.py:  54 - Rotating right: change=4.59, new rotation=16.07
2025-01-12 23:00:34 -    DEBUG -           logging.py:  54 - Added entity: Particle
2025-01-12 23:00:34 -    DEBUG -           logging.py:  54 - Added entity: Particle
2025-01-12 23:00:34 -    DEBUG -           logging.py:  54 - Rotating right: change=4.59, new rotation=22.95
2025-01-12 23:00:34 -    DEBUG -           logging.py:  54 - Added entity: Particle
2025-01-12 23:00:34 -    DEBUG -           logging.py:  54 - Added entity: Particle
2025-01-12 23:00:34 -    DEBUG -           logging.py:  54 - Rotating right: change=4.59, new rotation=29.84
2025-01-12 23:00:34 -    DEBUG -           logging.py:  54 - Added entity: Particle
2025-01-12 23:00:34 -    DEBUG -           logging.py:  54 - Added entity: Particle
2025-01-12 23:00:34 -    DEBUG -           logging.py:  54 - Rotating right: change=4.59, new rotation=36.72
2025-01-12 23:00:34 -    DEBUG -           logging.py:  54 - Added entity: Particle
2025-01-12 23:00:34 -    DEBUG -           logging.py:  54 - Added entity: Particle
2025-01-12 23:00:34 -    DEBUG -           logging.py:  54 - Rotating right: change=4.59, new rotation=43.61
2025-01-12 23:00:34 -    DEBUG -           logging.py:  54 - Removed entity: Particle
2025-01-12 23:00:34 -    DEBUG -           logging.py:  54 - Removed entity: Particle
2025-01-12 23:00:34 -    DEBUG -           logging.py:  54 - Removed entity: Particle
2025-01-12 23:00:34 -    DEBUG -           logging.py:  54 - Added entity: Particle
2025-01-12 23:00:34 -    DEBUG -           logging.py:  54 - Added entity: Particle
2025-01-12 23:00:34 -    DEBUG -           logging.py:  54 - Rotating right: change=4.59, new rotation=50.49
2025-01-12 23:00:34 -    DEBUG -           logging.py:  54 - Added entity: Particle
2025-01-12 23:00:34 -    DEBUG -           logging.py:  54 - Added entity: Particle
2025-01-12 23:00:34 -    DEBUG -           logging.py:  54 - Rotating right: change=4.59, new rotation=57.38
2025-01-12 23:00:34 -    DEBUG -           logging.py:  54 - Removed entity: Particle
2025-01-12 23:00:34 -    DEBUG -           logging.py:  54 - Removed entity: Particle
2025-01-12 23:00:34 -    DEBUG -           logging.py:  54 - Added entity: Particle
2025-01-12 23:00:34 -    DEBUG -           logging.py:  54 - Added entity: Particle
2025-01-12 23:00:34 -    DEBUG -           logging.py:  54 - Rotating right: change=4.59, new rotation=64.26
2025-01-12 23:00:34 -    DEBUG -           logging.py:  54 - Added entity: Particle
2025-01-12 23:00:34 -    DEBUG -           logging.py:  54 - Added entity: Particle
2025-01-12 23:00:34 -    DEBUG -           logging.py:  54 - Rotating right: change=4.59, new rotation=71.15
2025-01-12 23:00:34 -    DEBUG -           logging.py:  54 - Removed entity: Particle
2025-01-12 23:00:34 -    DEBUG -           logging.py:  54 - Removed entity: Particle
2025-01-12 23:00:34 -    DEBUG -           logging.py:  54 - Removed entity: Particle
2025-01-12 23:00:34 -    DEBUG -           logging.py:  54 - Removed entity: Particle
2025-01-12 23:00:34 -    DEBUG -           logging.py:  54 - Added entity: Particle
2025-01-12 23:00:34 -    DEBUG -           logging.py:  54 - Added entity: Particle
2025-01-12 23:00:34 -    DEBUG -           logging.py:  54 - Rotating right: change=4.59, new rotation=78.03
2025-01-12 23:00:34 -    DEBUG -           logging.py:  54 - Added entity: Particle
2025-01-12 23:00:34 -    DEBUG -           logging.py:  54 - Added entity: Particle
2025-01-12 23:00:34 -    DEBUG -           logging.py:  54 - Rotating right: change=4.59, new rotation=84.92
2025-01-12 23:00:34 -    DEBUG -           logging.py:  54 - Removed entity: Particle
2025-01-12 23:00:34 -    DEBUG -           logging.py:  54 - Removed entity: Particle
2025-01-12 23:00:34 -    DEBUG -           logging.py:  54 - Added entity: Particle
2025-01-12 23:00:34 -    DEBUG -           logging.py:  54 - Added entity: Particle
2025-01-12 23:00:34 -    DEBUG -           logging.py:  54 - Rotating right: change=4.32, new rotation=91.40
2025-01-12 23:00:34 -    DEBUG -           logging.py:  54 - Added entity: Particle
2025-01-12 23:00:34 -    DEBUG -           logging.py:  54 - Added entity: Particle
2025-01-12 23:00:34 -    DEBUG -           logging.py:  54 - Rotating right: change=4.32, new rotation=97.88
2025-01-12 23:00:34 -    DEBUG -           logging.py:  54 - Removed entity: Particle
2025-01-12 23:00:34 -    DEBUG -           logging.py:  54 - Removed entity: Particle
2025-01-12 23:00:34 -    DEBUG -           logging.py:  54 - Removed entity: Particle
2025-01-12 23:00:34 -    DEBUG -           logging.py:  54 - Removed entity: Particle
2025-01-12 23:00:34 -    DEBUG -           logging.py:  54 - Removed entity: Particle
2025-01-12 23:00:34 -    DEBUG -           logging.py:  54 - Removed entity: Particle
2025-01-12 23:00:34 -    DEBUG -           logging.py:  54 - Removed entity: Particle
2025-01-12 23:00:34 -    DEBUG -           logging.py:  54 - Removed entity: Particle
2025-01-12 23:00:34 -    DEBUG -           logging.py:  54 - Removed entity: Particle
2025-01-12 23:00:34 -    DEBUG -           logging.py:  54 - Removed entity: Particle
2025-01-12 23:00:34 -    DEBUG -           logging.py:  54 - Removed entity: Particle
2025-01-12 23:00:34 -    DEBUG -           logging.py:  54 - Removed entity: Particle
2025-01-12 23:00:34 -    DEBUG -           logging.py:  54 - Removed entity: Particle
2025-01-12 23:00:34 -    DEBUG -           logging.py:  54 - Removed entity: Particle
2025-01-12 23:00:34 -    DEBUG -           logging.py:  54 - Removed entity: Particle
2025-01-12 23:00:34 -    DEBUG -           logging.py:  54 - Removed entity: Particle
2025-01-12 23:00:34 -    DEBUG -           logging.py:  54 - Removed entity: Particle
2025-01-12 23:00:34 -    DEBUG -           logging.py:  54 - Removed entity: Particle
2025-01-12 23:00:35 -    DEBUG -           logging.py:  54 - Added entity: Particle
2025-01-12 23:00:35 -    DEBUG -           logging.py:  54 - Added entity: Particle
2025-01-12 23:00:35 -    DEBUG -           logging.py:  54 - Added entity: Particle
2025-01-12 23:00:35 -    DEBUG -           logging.py:  54 - Added entity: Particle
2025-01-12 23:00:35 -    DEBUG -           logging.py:  54 - Added entity: Particle
2025-01-12 23:00:35 -    DEBUG -           logging.py:  54 - Added entity: Particle
2025-01-12 23:00:35 -    DEBUG -           logging.py:  54 - Added entity: Particle
2025-01-12 23:00:35 -    DEBUG -           logging.py:  54 - Added entity: Particle
2025-01-12 23:00:35 -    DEBUG -           logging.py:  54 - Added entity: Particle
2025-01-12 23:00:35 -    DEBUG -           logging.py:  54 - Added entity: Particle
2025-01-12 23:00:35 -    DEBUG -           logging.py:  54 - Added entity: Particle
2025-01-12 23:00:35 -    DEBUG -           logging.py:  54 - Added entity: Particle
2025-01-12 23:00:35 -    DEBUG -           logging.py:  54 - Added entity: Particle
2025-01-12 23:00:35 -    DEBUG -           logging.py:  54 - Added entity: Particle
2025-01-12 23:00:35 -    DEBUG -           logging.py:  54 - Added entity: Particle
2025-01-12 23:00:35 -    DEBUG -           logging.py:  54 - Added entity: Particle
2025-01-12 23:00:35 -    DEBUG -           logging.py:  54 - Added entity: Particle
2025-01-12 23:00:35 -    DEBUG -           logging.py:  54 - Added entity: Particle
2025-01-12 23:00:35 -    DEBUG -           logging.py:  54 - Added entity: Particle
2025-01-12 23:00:35 -    DEBUG -           logging.py:  54 - Added entity: Particle
2025-01-12 23:00:35 -    DEBUG -           logging.py:  54 - Added entity: Particle
2025-01-12 23:00:35 -    DEBUG -           logging.py:  54 - Added entity: Particle
2025-01-12 23:00:35 -    DEBUG -           logging.py:  54 - Added entity: Particle
2025-01-12 23:00:35 -    DEBUG -           logging.py:  54 - Added entity: Particle
2025-01-12 23:00:35 -    DEBUG -           logging.py:  54 - Added entity: Particle
2025-01-12 23:00:35 -    DEBUG -           logging.py:  54 - Added entity: Particle
2025-01-12 23:00:35 -    DEBUG -           logging.py:  54 - Removed entity: Particle
2025-01-12 23:00:35 -    DEBUG -           logging.py:  54 - Removed entity: Particle
2025-01-12 23:00:35 -    DEBUG -           logging.py:  54 - Removed entity: Particle
2025-01-12 23:00:35 -    DEBUG -           logging.py:  54 - Removed entity: Particle
2025-01-12 23:00:35 -    DEBUG -           logging.py:  54 - Removed entity: Particle
2025-01-12 23:00:35 -    DEBUG -           logging.py:  54 - Removed entity: Particle
2025-01-12 23:00:35 -    DEBUG -           logging.py:  54 - Removed entity: Particle
2025-01-12 23:00:35 -    DEBUG -           logging.py:  54 - Removed entity: Particle
2025-01-12 23:00:35 -    DEBUG -           logging.py:  54 - Removed entity: Particle
2025-01-12 23:00:35 -    DEBUG -           logging.py:  54 - Removed entity: Particle
2025-01-12 23:00:35 -    DEBUG -           logging.py:  54 - Removed entity: Particle
2025-01-12 23:00:35 -    DEBUG -           logging.py:  54 - Removed entity: Particle
2025-01-12 23:00:35 -    DEBUG -           logging.py:  54 - Removed entity: Particle
2025-01-12 23:00:35 -    DEBUG -           logging.py:  54 - Removed entity: Particle
2025-01-12 23:00:35 -    DEBUG -           logging.py:  54 - Removed entity: Particle
2025-01-12 23:00:35 -    DEBUG -           logging.py:  54 - Removed entity: Particle
2025-01-12 23:00:35 -    DEBUG -           logging.py:  54 - Removed entity: Particle
2025-01-12 23:00:35 -    DEBUG -           logging.py:  54 - Removed entity: Particle
2025-01-12 23:00:35 -    DEBUG -           logging.py:  54 - Removed entity: Particle
2025-01-12 23:00:35 -    DEBUG -           logging.py:  54 - Removed entity: Particle
2025-01-12 23:00:35 -    DEBUG -           logging.py:  54 - Removed entity: Particle
2025-01-12 23:00:35 -    DEBUG -           logging.py:  54 - Removed entity: Particle
2025-01-12 23:00:35 -    DEBUG -           logging.py:  54 - Removed entity: Particle
2025-01-12 23:00:35 -    DEBUG -           logging.py:  54 - Removed entity: Particle
2025-01-12 23:00:35 -    DEBUG -           logging.py:  54 - Removed entity: Particle
2025-01-12 23:00:35 -    DEBUG -           logging.py:  54 - Removed entity: Particle
2025-01-12 23:00:35 -     INFO -           logging.py:  58 - Ship hit by asteroid
2025-01-12 23:00:35 -    DEBUG -           logging.py:  54 - Added entity: Particle
2025-01-12 23:00:35 -    DEBUG -           logging.py:  54 - Added entity: Particle
2025-01-12 23:00:35 -    DEBUG -           logging.py:  54 - Added entity: Particle
2025-01-12 23:00:35 -    DEBUG -           logging.py:  54 - Added entity: Particle
2025-01-12 23:00:35 -    DEBUG -           logging.py:  54 - Added entity: Particle
2025-01-12 23:00:35 -    DEBUG -           logging.py:  54 - Added entity: Particle
2025-01-12 23:00:35 -    DEBUG -           logging.py:  54 - Added entity: Particle
2025-01-12 23:00:35 -    DEBUG -           logging.py:  54 - Added entity: Particle
2025-01-12 23:00:35 -    DEBUG -           logging.py:  54 - Added entity: Particle
2025-01-12 23:00:35 -    DEBUG -           logging.py:  54 - Added entity: Particle
2025-01-12 23:00:35 -    DEBUG -           logging.py:  54 - Added entity: Particle
2025-01-12 23:00:35 -    DEBUG -           logging.py:  54 - Added entity: Particle
2025-01-12 23:00:35 -    DEBUG -           logging.py:  54 - Added entity: Particle
2025-01-12 23:00:35 -    DEBUG -           logging.py:  54 - Added entity: Particle
2025-01-12 23:00:35 -    DEBUG -           logging.py:  54 - Added entity: Particle
2025-01-12 23:00:35 -     INFO -           logging.py:  58 - Life lost. Remaining lives: 1
2025-01-12 23:00:35 -     INFO -           logging.py:  58 - Respawning ship
2025-01-12 23:00:36 -    DEBUG -           logging.py:  54 - Removed entity: Particle
2025-01-12 23:00:36 -    DEBUG -           logging.py:  54 - Removed entity: Particle
2025-01-12 23:00:36 -    DEBUG -           logging.py:  54 - Removed entity: Particle
2025-01-12 23:00:36 -    DEBUG -           logging.py:  54 - Removed entity: Particle
2025-01-12 23:00:36 -    DEBUG -           logging.py:  54 - Removed entity: Particle
2025-01-12 23:00:36 -    DEBUG -           logging.py:  54 - Removed entity: Particle
2025-01-12 23:00:36 -    DEBUG -           logging.py:  54 - Removed entity: Particle
2025-01-12 23:00:36 -    DEBUG -           logging.py:  54 - Removed entity: Particle
2025-01-12 23:00:36 -    DEBUG -           logging.py:  54 - Removed entity: Particle
2025-01-12 23:00:36 -    DEBUG -           logging.py:  54 - Removed entity: Particle
2025-01-12 23:00:36 -    DEBUG -           logging.py:  54 - Removed entity: Particle
2025-01-12 23:00:36 -    DEBUG -           logging.py:  54 - Removed entity: Particle
2025-01-12 23:00:36 -    DEBUG -           logging.py:  54 - Removed entity: Particle
2025-01-12 23:00:36 -    DEBUG -           logging.py:  54 - Removed entity: Particle
2025-01-12 23:00:36 -    DEBUG -           logging.py:  54 - Removed entity: Particle
